# JRE version: OpenJDK Runtime Environment Temurin-17.0.11+9 (17.0.11+9) (build 17.0.11+9)
# Java VM: OpenJDK 64-Bit Server VM Temurin-17.0.11+9 (17.0.11+9, mixed mode, tiered, compressed oops, compressed class ptrs, g1 gc, windows-amd64)
GC Precious Log:
 CPUs: 8 total, 8 available
 Memory: 16167M
 Large Page Support: Disabled
 NUMA Support: Disabled
 Compressed Oops: Enabled (Zero based)
 Heap Region Size: 2M
 Heap Min Capacity: 8M
 Heap Initial Capacity: 254M
 Heap Max Capacity: 4042M
 Pre-touch: Disabled
 Parallel Workers: 8
 Concurrent Workers: 2
 Concurrent Refinement Workers: 8
 Periodic GC: Disabled
Heap:
 garbage-first heap   total 49152K, used 17307K [0x0000000703600000, 0x0000000800000000)
  region size 2048K, 3 young (6144K), 2 survivors (4096K)
 Metaspace       used 35764K, committed 36224K, reserved 1114112K
  class space    used 4383K, committed 4608K, reserved 1048576K
GC Heap History (18 events):
Event: 0.542 GC heap before
{Heap before GC invocations=0 (full 0):
 garbage-first heap   total 260096K, used 22528K [0x0000000703600000, 0x0000000800000000)
  region size 2048K, 11 young (22528K), 0 survivors (0K)
 Metaspace       used 11536K, committed 11648K, reserved 1114112K
  class space    used 1233K, committed 1280K, reserved 1048576K
}
Event: 0.546 GC heap after
{Heap after GC invocations=1 (full 0):
 garbage-first heap   total 260096K, used 6026K [0x0000000703600000, 0x0000000800000000)
  region size 2048K, 2 young (4096K), 2 survivors (4096K)
 Metaspace       used 11536K, committed 11648K, reserved 1114112K
  class space    used 1233K, committed 1280K, reserved 1048576K
}
Event: 0.900 GC heap before
{Heap before GC invocations=1 (full 0):
 garbage-first heap   total 260096K, used 30602K [0x0000000703600000, 0x0000000800000000)
  region size 2048K, 14 young (28672K), 2 survivors (4096K)
 Metaspace       used 18019K, committed 18304K, reserved 1114112K
  class space    used 2038K, committed 2176K, reserved 1048576K
}
Event: 0.903 GC heap after
{Heap after GC invocations=2 (full 0):
 garbage-first heap   total 260096K, used 7975K [0x0000000703600000, 0x0000000800000000)
  region size 2048K, 1 young (2048K), 1 survivors (2048K)
 Metaspace       used 18019K, committed 18304K, reserved 1114112K
  class space    used 2038K, committed 2176K, reserved 1048576K
}
Event: 1.029 GC heap before
{Heap before GC invocations=2 (full 0):
 garbage-first heap   total 260096K, used 18215K [0x0000000703600000, 0x0000000800000000)
  region size 2048K, 7 young (14336K), 1 survivors (2048K)
 Metaspace       used 21306K, committed 21504K, reserved 1114112K
  class space    used 2442K, committed 2560K, reserved 1048576K
}
Event: 1.032 GC heap after
{Heap after GC invocations=3 (full 0):
 garbage-first heap   total 260096K, used 9125K [0x0000000703600000, 0x0000000800000000)
  region size 2048K, 2 young (4096K), 2 survivors (4096K)
 Metaspace       used 21306K, committed 21504K, reserved 1114112K
  class space    used 2442K, committed 2560K, reserved 1048576K
}
Event: 1.351 GC heap before
{Heap before GC invocations=4 (full 0):
 garbage-first heap   total 49152K, used 31653K [0x0000000703600000, 0x0000000800000000)
  region size 2048K, 14 young (28672K), 2 survivors (4096K)
 Metaspace       used 25433K, committed 25728K, reserved 1114112K
  class space    used 3000K, committed 3136K, reserved 1048576K
}
Event: 1.356 GC heap after
{Heap after GC invocations=5 (full 0):
 garbage-first heap   total 49152K, used 11894K [0x0000000703600000, 0x0000000800000000)
  region size 2048K, 2 young (4096K), 2 survivors (4096K)
 Metaspace       used 25433K, committed 25728K, reserved 1114112K
  class space    used 3000K, committed 3136K, reserved 1048576K
}
Event: 1.385 GC heap before
{Heap before GC invocations=5 (full 0):
 garbage-first heap   total 49152K, used 13942K [0x0000000703600000, 0x0000000800000000)
  region size 2048K, 3 young (6144K), 2 survivors (4096K)
 Metaspace       used 25617K, committed 25856K, reserved 1114112K
  class space    used 3008K, committed 3136K, reserved 1048576K
}
Event: 1.388 GC heap after
{Heap after GC invocations=6 (full 0):
 garbage-first heap   total 49152K, used 12254K [0x0000000703600000, 0x0000000800000000)
  region size 2048K, 1 young (2048K), 1 survivors (2048K)
 Metaspace       used 25617K, committed 25856K, reserved 1114112K
  class space    used 3008K, committed 3136K, reserved 1048576K
}
Event: 1.689 GC heap before
{Heap before GC invocations=6 (full 0):
 garbage-first heap   total 49152K, used 28638K [0x0000000703600000, 0x0000000800000000)
  region size 2048K, 9 young (18432K), 1 survivors (2048K)
 Metaspace       used 27400K, committed 27712K, reserved 1114112K
  class space    used 3221K, committed 3392K, reserved 1048576K
}
Event: 1.691 GC heap after
{Heap after GC invocations=7 (full 0):
 garbage-first heap   total 49152K, used 12936K [0x0000000703600000, 0x0000000800000000)
  region size 2048K, 1 young (2048K), 1 survivors (2048K)
 Metaspace       used 27400K, committed 27712K, reserved 1114112K
  class space    used 3221K, committed 3392K, reserved 1048576K
}
Event: 2.230 GC heap before
{Heap before GC invocations=7 (full 0):
 garbage-first heap   total 49152K, used 31368K [0x0000000703600000, 0x0000000800000000)
  region size 2048K, 10 young (20480K), 1 survivors (2048K)
 Metaspace       used 30317K, committed 30720K, reserved 1114112K
  class space    used 3654K, committed 3840K, reserved 1048576K
}
Event: 2.232 GC heap after
{Heap after GC invocations=8 (full 0):
 garbage-first heap   total 49152K, used 14376K [0x0000000703600000, 0x0000000800000000)
  region size 2048K, 2 young (4096K), 2 survivors (4096K)
 Metaspace       used 30317K, committed 30720K, reserved 1114112K
  class space    used 3654K, committed 3840K, reserved 1048576K
}
Event: 2.835 GC heap before
{Heap before GC invocations=8 (full 0):
 garbage-first heap   total 49152K, used 32808K [0x0000000703600000, 0x0000000800000000)
  region size 2048K, 11 young (22528K), 2 survivors (4096K)
 Metaspace       used 33679K, committed 34048K, reserved 1114112K
  class space    used 4155K, committed 4352K, reserved 1048576K
}
Event: 2.838 GC heap after
{Heap after GC invocations=9 (full 0):
 garbage-first heap   total 49152K, used 16282K [0x0000000703600000, 0x0000000800000000)
  region size 2048K, 2 young (4096K), 2 survivors (4096K)
 Metaspace       used 33679K, committed 34048K, reserved 1114112K
  class space    used 4155K, committed 4352K, reserved 1048576K
}
Event: 3.081 GC heap before
{Heap before GC invocations=9 (full 0):
 garbage-first heap   total 49152K, used 26522K [0x0000000703600000, 0x0000000800000000)
  region size 2048K, 8 young (16384K), 2 survivors (4096K)
 Metaspace       used 35671K, committed 36096K, reserved 1114112K
  class space    used 4370K, committed 4608K, reserved 1048576K
}
Event: 3.084 GC heap after
{Heap after GC invocations=10 (full 0):
 garbage-first heap   total 49152K, used 17307K [0x0000000703600000, 0x0000000800000000)
  region size 2048K, 2 young (4096K), 2 survivors (4096K)
 Metaspace       used 35671K, committed 36096K, reserved 1114112K
  class space    used 4370K, committed 4608K, reserved 1048576K
}

